Running: C:\Xilinx\14.7\ISE_DS\ISE\bin\nt\unwrapped\fuse.exe -intstyle ise -incremental -lib secureip -o C:/Users/Intel Core i3/Desktop/UNI/6 SEMESTRE/ARQUITECTURA DE COMPUTADORES/instruction memory/imen/TB_imen_con_reloj_isim_beh.exe -prj C:/Users/Intel Core i3/Desktop/UNI/6 SEMESTRE/ARQUITECTURA DE COMPUTADORES/instruction memory/imen/TB_imen_con_reloj_beh.prj work.TB_imen_con_reloj 
ISim P.20131013 (signature 0x8ef4fb42)
Number of CPUs detected in this system: 4
Turning on mult-threading, number of parallel sub-compilation jobs: 8 
Determining compilation order of HDL files
Parsing VHDL file "C:/Users/Intel Core i3/Desktop/UNI/6 SEMESTRE/ARQUITECTURA DE COMPUTADORES/instruction memory/imen/imen_con_reloj.vhd" into library work
Parsing VHDL file "C:/Users/Intel Core i3/Desktop/UNI/6 SEMESTRE/ARQUITECTURA DE COMPUTADORES/instruction memory/imen/TB_imen_con_reloj.vhd" into library work
Starting static elaboration
Completed static elaboration
Fuse Memory Usage: 97600 KB
Fuse CPU Usage: 374 ms
Compiling package standard
Compiling package std_logic_1164
Compiling package std_logic_arith
Compiling package std_logic_unsigned
Compiling package textio
Compiling architecture behavioral of entity imen_con_reloj [\imen_con_reloj("data.txt")(1,8)...]
Compiling architecture behavior of entity tb_imen_con_reloj
Time Resolution for simulation is 1ps.
Waiting for 1 sub-compilation(s) to finish...
Compiled 8 VHDL Units
Built simulation executable C:/Users/Intel Core i3/Desktop/UNI/6 SEMESTRE/ARQUITECTURA DE COMPUTADORES/instruction memory/imen/TB_imen_con_reloj_isim_beh.exe
Fuse Memory Usage: 118800 KB
Fuse CPU Usage: 671 ms
